Using pre-set license
Built from '2021.3/staging' branch; Version is '2021.3.0f1 (6eacc8284459) revision 7253192'; Using compiler version '192829333'; Build Type 'Release'
OS: 'Windows 10  (10.0.17763) 64bit EnterpriseS' Language: 'tr' Physical Memory: 16230 MB
BatchMode: 1, IsHumanControllingUs: 0, StartBugReporterOnCrash: 0, Is64bit: 1, IsPro: 1

COMMAND LINE ARGUMENTS:
C:\Program Files\Unity\Hub\Editor\2021.3.0f1\Editor\Unity.exe
-adb2
-batchMode
-noUpm
-name
AssetImportWorker3
-projectPath
C:/Users/suleyman.aydin/Defend Your Kingdom
-logFile
Logs/AssetImportWorker3.log
-srvPort
60230
Successfully changed project path to: C:/Users/suleyman.aydin/Defend Your Kingdom
C:/Users/suleyman.aydin/Defend Your Kingdom
[UnityMemory] Configuration Parameters - Can be set up in boot.config
    "memorysetup-bucket-allocator-granularity=16"
    "memorysetup-bucket-allocator-bucket-count=8"
    "memorysetup-bucket-allocator-block-size=33554432"
    "memorysetup-bucket-allocator-block-count=8"
    "memorysetup-main-allocator-block-size=16777216"
    "memorysetup-thread-allocator-block-size=16777216"
    "memorysetup-gfx-main-allocator-block-size=16777216"
    "memorysetup-gfx-thread-allocator-block-size=16777216"
    "memorysetup-cache-allocator-block-size=4194304"
    "memorysetup-typetree-allocator-block-size=2097152"
    "memorysetup-profiler-bucket-allocator-granularity=16"
    "memorysetup-profiler-bucket-allocator-bucket-count=8"
    "memorysetup-profiler-bucket-allocator-block-size=33554432"
    "memorysetup-profiler-bucket-allocator-block-count=8"
    "memorysetup-profiler-allocator-block-size=16777216"
    "memorysetup-profiler-editor-allocator-block-size=1048576"
    "memorysetup-temp-allocator-size-main=16777216"
    "memorysetup-job-temp-allocator-block-size=2097152"
    "memorysetup-job-temp-allocator-block-size-background=1048576"
    "memorysetup-job-temp-allocator-reduction-small-platforms=262144"
    "memorysetup-temp-allocator-size-background-worker=32768"
    "memorysetup-temp-allocator-size-job-worker=262144"
    "memorysetup-temp-allocator-size-preload-manager=33554432"
    "memorysetup-temp-allocator-size-nav-mesh-worker=65536"
    "memorysetup-temp-allocator-size-audio-worker=65536"
    "memorysetup-temp-allocator-size-cloud-worker=32768"
    "memorysetup-temp-allocator-size-gi-baking-worker=262144"
    "memorysetup-temp-allocator-size-gfx=262144"
Refreshing native plugins compatible for Editor in 71.92 ms, found 3 plugins.
Preloading 0 native plugins for Editor in 0.00 ms.
Initialize engine version: 2021.3.0f1 (6eacc8284459)
[Subsystems] Discovering subsystems at path C:/Program Files/Unity/Hub/Editor/2021.3.0f1/Editor/Data/Resources/UnitySubsystems
[Subsystems] Discovering subsystems at path C:/Users/suleyman.aydin/Defend Your Kingdom/Assets
GfxDevice: creating device client; threaded=0; jobified=0
Direct3D:
    Version:  Direct3D 11.0 [level 11.1]
    Renderer: Intel(R) UHD Graphics 630 (ID=0x9bc5)
    Vendor:   Intel
    VRAM:     8115 MB
    Driver:   30.0.101.1273
Initialize mono
Mono path[0] = 'C:/Program Files/Unity/Hub/Editor/2021.3.0f1/Editor/Data/Managed'
Mono path[1] = 'C:/Program Files/Unity/Hub/Editor/2021.3.0f1/Editor/Data/MonoBleedingEdge/lib/mono/unityjit-win32'
Mono config path = 'C:/Program Files/Unity/Hub/Editor/2021.3.0f1/Editor/Data/MonoBleedingEdge/etc'
Using monoOptions --debugger-agent=transport=dt_socket,embedding=1,server=y,suspend=n,address=127.0.0.1:56188
Begin MonoManager ReloadAssembly
Registering precompiled unity dll's ...
Register platform support module: C:/Program Files/Unity/Hub/Editor/2021.3.0f1/Editor/Data/PlaybackEngines/WebGLSupport/UnityEditor.WebGL.Extensions.dll
Register platform support module: C:/Program Files/Unity/Hub/Editor/2021.3.0f1/Editor/Data/PlaybackEngines/MacStandaloneSupport/UnityEditor.OSXStandalone.Extensions.dll
Register platform support module: C:/Program Files/Unity/Hub/Editor/2021.3.0f1/Editor/Data/PlaybackEngines/AndroidPlayer/UnityEditor.Android.Extensions.dll
Register platform support module: C:/Program Files/Unity/Hub/Editor/2021.3.0f1/Editor/Data/PlaybackEngines/iOSSupport/UnityEditor.iOS.Extensions.dll
Register platform support module: C:/Program Files/Unity/Hub/Editor/2021.3.0f1/Editor/Data/PlaybackEngines/WindowsStandaloneSupport/UnityEditor.WindowsStandalone.Extensions.dll
Register platform support module: C:/Program Files/Unity/Hub/Editor/2021.3.0f1/Editor/Data/PlaybackEngines/MetroSupport/UnityEditor.UWP.Extensions.dll
Registered in 0.006797 seconds.
Native extension for UWP target not found
Native extension for WindowsStandalone target not found
[usbmuxd] Start listen thread
[usbmuxd] Listen thread started
[usbmuxd] Send listen message
Native extension for iOS target not found
Native extension for Android target not found
Native extension for OSXStandalone target not found
Native extension for WebGL target not found
Refreshing native plugins compatible for Editor in 73.70 ms, found 3 plugins.
Preloading 0 native plugins for Editor in 0.00 ms.
Mono: successfully reloaded assembly
- Completed reload, in  0.607 seconds
Domain Reload Profiling:
	ReloadAssembly (608ms)
		BeginReloadAssembly (68ms)
			ExecutionOrderSort (0ms)
			DisableScriptedObjects (0ms)
			BackupInstance (0ms)
			ReleaseScriptingObjects (0ms)
			CreateAndSetChildDomain (1ms)
		EndReloadAssembly (442ms)
			LoadAssemblies (67ms)
			RebuildTransferFunctionScriptingTraits (0ms)
			SetupTypeCache (107ms)
			ReleaseScriptCaches (0ms)
			RebuildScriptCaches (27ms)
			SetupLoadedEditorAssemblies (263ms)
				LogAssemblyErrors (0ms)
				InitializePlatformSupportModulesInManaged (59ms)
				SetLoadedEditorAssemblies (0ms)
				RefreshPlugins (74ms)
				BeforeProcessingInitializeOnLoad (1ms)
				ProcessInitializeOnLoadAttributes (89ms)
				ProcessInitializeOnLoadMethodAttributes (39ms)
				AfterProcessingInitializeOnLoad (0ms)
				EditorAssembliesLoaded (0ms)
			ExecutionOrderSort2 (0ms)
			AwakeInstancesAfterBackupRestoration (0ms)
Platform modules already initialized, skipping
Registering precompiled user dll's ...
Registered in 0.003021 seconds.
Begin MonoManager ReloadAssembly
Symbol file LoadedFromMemory doesn't match image C:\Users\suleyman.aydin\Defend Your Kingdom\Library\PackageCache\com.unity.visualscripting@1.7.6\Editor\VisualScripting.Core\Dependencies\YamlDotNet\Unity.VisualScripting.YamlDotNet.dll
Symbol file LoadedFromMemory is not a mono symbol file
Symbol file LoadedFromMemory doesn't match image C:\Users\suleyman.aydin\Defend Your Kingdom\Library\PackageCache\com.unity.visualscripting@1.7.6\Editor\VisualScripting.Core\Dependencies\DotNetZip\Unity.VisualScripting.IonicZip.dll
Native extension for UWP target not found
Native extension for WindowsStandalone target not found
Native extension for iOS target not found
Native extension for Android target not found
Native extension for OSXStandalone target not found
Native extension for WebGL target not found
Refreshing native plugins compatible for Editor in 0.49 ms, found 3 plugins.
Preloading 0 native plugins for Editor in 0.00 ms.
Mono: successfully reloaded assembly
- Completed reload, in  0.790 seconds
Domain Reload Profiling:
	ReloadAssembly (790ms)
		BeginReloadAssembly (87ms)
			ExecutionOrderSort (0ms)
			DisableScriptedObjects (5ms)
			BackupInstance (0ms)
			ReleaseScriptingObjects (0ms)
			CreateAndSetChildDomain (19ms)
		EndReloadAssembly (616ms)
			LoadAssemblies (71ms)
			RebuildTransferFunctionScriptingTraits (0ms)
			SetupTypeCache (203ms)
			ReleaseScriptCaches (1ms)
			RebuildScriptCaches (40ms)
			SetupLoadedEditorAssemblies (270ms)
				LogAssemblyErrors (0ms)
				InitializePlatformSupportModulesInManaged (21ms)
				SetLoadedEditorAssemblies (0ms)
				RefreshPlugins (1ms)
				BeforeProcessingInitializeOnLoad (64ms)
				ProcessInitializeOnLoadAttributes (162ms)
				ProcessInitializeOnLoadMethodAttributes (17ms)
				AfterProcessingInitializeOnLoad (4ms)
				EditorAssembliesLoaded (0ms)
			ExecutionOrderSort2 (0ms)
			AwakeInstancesAfterBackupRestoration (4ms)
Platform modules already initialized, skipping
========================================================================
Worker process is ready to serve import requests
Launched and connected shader compiler UnityShaderCompiler.exe after 0.08 seconds
Refreshing native plugins compatible for Editor in 0.48 ms, found 3 plugins.
Preloading 0 native plugins for Editor in 0.00 ms.
Unloading 3241 Unused Serialized files (Serialized files now loaded: 0)
Unloading 23 unused Assets / (112.2 KB). Loaded Objects now: 3703.
Memory consumption went from 114.8 MB to 114.7 MB.
Total: 2.596300 ms (FindLiveObjects: 0.275500 ms CreateObjectMapping: 0.241200 ms MarkObjects: 1.995500 ms  DeleteObjects: 0.083200 ms)

AssetImportParameters requested are different than current active one (requested -> active):
  custom:video-decoder-ogg-theora: a1e56fd34408186e4bbccfd4996cb3dc -> 
  custom:container-muxer-webm: aa71ff27fc2769a1b78a27578f13a17b -> 
  custom:container-demuxer-webm: 4f35f7cbe854078d1ac9338744f61a02 -> 
  custom:video-encoder-webm-vp8: eb34c28f22e8b96e1ab97ce403110664 -> 
  custom:audio-encoder-webm-vorbis: bf7c407c2cedff20999df2af8eb42d56 -> 
  custom:framework-win-MediaFoundation: 216162199b28c13a410421893ffa2e32 -> 
  custom:container-demuxer-ogg: 62fdf1f143b41e24485cea50d1cbac27 -> 
  custom:video-decoder-webm-vp8: 9c59270c3fd7afecdb556c50c9e8de78 -> 
  custom:audio-decoder-ogg-vorbis: bf7c407c2cedff20999df2af8eb42d56 -> 
========================================================================
Received Import Request.
  Time since last request: 9179.897812 seconds.
  path: Assets/AssetPacks/VoxelCastle/Prefabs/Bolt.prefab
  artifactKey: Guid(7362a7dc6d14d7748953ae63138db72f) Importer(815301076,1909f56bfc062723c751e8b465ee728b)
Start importing Assets/AssetPacks/VoxelCastle/Prefabs/Bolt.prefab using Guid(7362a7dc6d14d7748953ae63138db72f) Importer(815301076,1909f56bfc062723c751e8b465ee728b)  -> (artifact id: 'c30ee11a0a94cd5222020b87f6e2bec2') in 0.138001 seconds 
========================================================================
Received Import Request.
  Time since last request: 0.000020 seconds.
  path: Assets/AssetPacks/VoxelCastle/Prefabs/Tree_Large.prefab
  artifactKey: Guid(e087f990d0ffa4f4c9f7dcf9b9f96eae) Importer(815301076,1909f56bfc062723c751e8b465ee728b)
Start importing Assets/AssetPacks/VoxelCastle/Prefabs/Tree_Large.prefab using Guid(e087f990d0ffa4f4c9f7dcf9b9f96eae) Importer(815301076,1909f56bfc062723c751e8b465ee728b)  -> (artifact id: 'fb130a2b2a05f626dbf7f9eaecf0cf6f') in 0.070418 seconds 
========================================================================
Received Import Request.
  Time since last request: 0.000022 seconds.
  path: Assets/AssetPacks/VoxelCastle/Prefabs/Shore_2.prefab
  artifactKey: Guid(be3e859d916267f489f694bfa840a7b3) Importer(815301076,1909f56bfc062723c751e8b465ee728b)
Start importing Assets/AssetPacks/VoxelCastle/Prefabs/Shore_2.prefab using Guid(be3e859d916267f489f694bfa840a7b3) Importer(815301076,1909f56bfc062723c751e8b465ee728b)  -> (artifact id: 'adfeef11aac3bcc5d70a1e386c13a57d') in 0.046869 seconds 
========================================================================
Received Import Request.
  Time since last request: 0.000025 seconds.
  path: Assets/AssetPacks/VoxelCastle/Prefabs/Gate_2.prefab
  artifactKey: Guid(4c29e4de4a2bbfb4b8b0ef23411b4393) Importer(815301076,1909f56bfc062723c751e8b465ee728b)
Start importing Assets/AssetPacks/VoxelCastle/Prefabs/Gate_2.prefab using Guid(4c29e4de4a2bbfb4b8b0ef23411b4393) Importer(815301076,1909f56bfc062723c751e8b465ee728b)  -> (artifact id: '19b858c5c7a90ff8768cdf3dc52e0575') in 0.010073 seconds 
========================================================================
Received Import Request.
  Time since last request: 0.000019 seconds.
  path: Assets/AssetPacks/VoxelCastle/Prefabs/Road_Straight.prefab
  artifactKey: Guid(516bafc615be66c4ab287e43b2c75817) Importer(815301076,1909f56bfc062723c751e8b465ee728b)
Start importing Assets/AssetPacks/VoxelCastle/Prefabs/Road_Straight.prefab using Guid(516bafc615be66c4ab287e43b2c75817) Importer(815301076,1909f56bfc062723c751e8b465ee728b)  -> (artifact id: '5cc7d165234434071a9fe6fabff8d747') in 0.014095 seconds 
========================================================================
Received Import Request.
  Time since last request: 0.000025 seconds.
  path: Assets/AssetPacks/VoxelCastle/Prefabs/Tree_Group.prefab
  artifactKey: Guid(7fb8d74871fa9c74cab9389cd54e2860) Importer(815301076,1909f56bfc062723c751e8b465ee728b)
Start importing Assets/AssetPacks/VoxelCastle/Prefabs/Tree_Group.prefab using Guid(7fb8d74871fa9c74cab9389cd54e2860) Importer(815301076,1909f56bfc062723c751e8b465ee728b)  -> (artifact id: '33d33e4fd4372baac90efc2910a39c2f') in 0.012245 seconds 
========================================================================
Received Import Request.
  Time since last request: 0.000023 seconds.
  path: Assets/AssetPacks/VoxelCastle/Prefabs/Shore_3.prefab
  artifactKey: Guid(09b5f3214c0f1ac4a98d9eb6975d5c50) Importer(815301076,1909f56bfc062723c751e8b465ee728b)
Start importing Assets/AssetPacks/VoxelCastle/Prefabs/Shore_3.prefab using Guid(09b5f3214c0f1ac4a98d9eb6975d5c50) Importer(815301076,1909f56bfc062723c751e8b465ee728b)  -> (artifact id: '5fe5da2b42490e54b42fbfd6fda5c805') in 0.013014 seconds 
========================================================================
Received Import Request.
  Time since last request: 0.000024 seconds.
  path: Assets/AssetPacks/VoxelCastle/Prefabs/Tower_Right.prefab
  artifactKey: Guid(9c8abec1ab510d741bfdef12c80c36d5) Importer(815301076,1909f56bfc062723c751e8b465ee728b)
Start importing Assets/AssetPacks/VoxelCastle/Prefabs/Tower_Right.prefab using Guid(9c8abec1ab510d741bfdef12c80c36d5) Importer(815301076,1909f56bfc062723c751e8b465ee728b)  -> (artifact id: 'a8f8ca0cde40c20707cc9129cac97005') in 0.017628 seconds 
========================================================================
Received Import Request.
  Time since last request: 0.000025 seconds.
  path: Assets/AssetPacks/VoxelCastle/Prefabs/Ram.prefab
  artifactKey: Guid(b940df629b09f434dbb9fd487257db6c) Importer(815301076,1909f56bfc062723c751e8b465ee728b)
Start importing Assets/AssetPacks/VoxelCastle/Prefabs/Ram.prefab using Guid(b940df629b09f434dbb9fd487257db6c) Importer(815301076,1909f56bfc062723c751e8b465ee728b)  -> (artifact id: '8589d2ff7de1003c1ae4eae45c58d35f') in 0.019731 seconds 
Editor requested this worker to shutdown with reason: Scaling down because of idle timeout
AssetImportWorker is now disconnected from the server
Process exiting
Exiting without the bug reporter. Application will terminate with return code 0